Analysis & Elaboration report for mcu
Sun Aug 13 01:00:26 2023
Quartus Prime Version 19.1.0 Build 670 09/22/2019 SJ Lite Edition


---------------------
; Table of Contents ;
---------------------
  1. Legal Notice
  2. Analysis & Elaboration Summary
  3. Parallel Compilation
  4. Analysis & Elaboration Settings
  5. Port Connectivity Checks: "cpu:c1"
  6. Analysis & Elaboration Messages



----------------
; Legal Notice ;
----------------
Copyright (C) 2019  Intel Corporation. All rights reserved.
Your use of Intel Corporation's design tools, logic functions 
and other software and tools, and any partner logic 
functions, and any output files from any of the foregoing 
(including device programming or simulation files), and any 
associated documentation or information are expressly subject 
to the terms and conditions of the Intel Program License 
Subscription Agreement, the Intel Quartus Prime License Agreement,
the Intel FPGA IP License Agreement, or other applicable license
agreement, including, without limitation, that your use is for
the sole purpose of programming logic devices manufactured by
Intel and sold by Intel or its authorized distributors.  Please
refer to the applicable agreement for further details, at
https://fpgasoftware.intel.com/eula.



+---------------------------------------------------------------------------------+
; Analysis & Elaboration Summary                                                  ;
+-----------------------------------+---------------------------------------------+
; Analysis & Elaboration Status     ; Successful - Sun Aug 13 01:00:26 2023       ;
; Quartus Prime Version             ; 19.1.0 Build 670 09/22/2019 SJ Lite Edition ;
; Revision Name                     ; mcu                                         ;
; Top-level Entity Name             ; mcu                                         ;
; Family                            ; Arria II GX                                 ;
; Logic utilization                 ; N/A until Partition Merge                   ;
;     Combinational ALUTs           ; N/A until Partition Merge                   ;
;     Memory ALUTs                  ; N/A until Partition Merge                   ;
;     Dedicated logic registers     ; N/A until Partition Merge                   ;
; Total registers                   ; N/A until Partition Merge                   ;
; Total pins                        ; N/A until Partition Merge                   ;
; Total virtual pins                ; N/A until Partition Merge                   ;
; Total block memory bits           ; N/A until Partition Merge                   ;
; DSP block 18-bit elements         ; N/A until Partition Merge                   ;
; Total GXB Receiver Channel PCS    ; N/A until Partition Merge                   ;
; Total GXB Receiver Channel PMA    ; N/A until Partition Merge                   ;
; Total GXB Transmitter Channel PCS ; N/A until Partition Merge                   ;
; Total GXB Transmitter Channel PMA ; N/A until Partition Merge                   ;
; Total PLLs                        ; N/A until Partition Merge                   ;
; Total DLLs                        ; N/A until Partition Merge                   ;
+-----------------------------------+---------------------------------------------+


+------------------------------------------+
; Parallel Compilation                     ;
+----------------------------+-------------+
; Processors                 ; Number      ;
+----------------------------+-------------+
; Number detected on machine ; 8           ;
; Maximum allowed            ; 4           ;
;                            ;             ;
; Average used               ; 1.00        ;
; Maximum used               ; 1           ;
;                            ;             ;
; Usage by Processor         ; % Time Used ;
;     Processor 1            ; 100.0%      ;
+----------------------------+-------------+


+---------------------------------------------------------------------------------------------------------------------------+
; Analysis & Elaboration Settings                                                                                           ;
+---------------------------------------------------------------------------------+--------------------+--------------------+
; Option                                                                          ; Setting            ; Default Value      ;
+---------------------------------------------------------------------------------+--------------------+--------------------+
; Top-level entity name                                                           ; mcu                ; mcu                ;
; Family name                                                                     ; Arria II GX        ; Cyclone IV GX      ;
; Use smart compilation                                                           ; Off                ; Off                ;
; Enable parallel Assembler and Timing Analyzer during compilation                ; On                 ; On                 ;
; Enable compact report table                                                     ; Off                ; Off                ;
; Restructure Multiplexers                                                        ; Auto               ; Auto               ;
; MLAB Add Timing Constraints For Mixed-Port Feed-Through Mode Setting Don't Care ; Off                ; Off                ;
; Create Debugging Nodes for IP Cores                                             ; Off                ; Off                ;
; Preserve fewer node names                                                       ; On                 ; On                 ;
; Intel FPGA IP Evaluation Mode                                                   ; Enable             ; Enable             ;
; Verilog Version                                                                 ; Verilog_2001       ; Verilog_2001       ;
; VHDL Version                                                                    ; VHDL_1993          ; VHDL_1993          ;
; State Machine Processing                                                        ; Auto               ; Auto               ;
; Safe State Machine                                                              ; Off                ; Off                ;
; Extract Verilog State Machines                                                  ; On                 ; On                 ;
; Extract VHDL State Machines                                                     ; On                 ; On                 ;
; Ignore Verilog initial constructs                                               ; Off                ; Off                ;
; Iteration limit for constant Verilog loops                                      ; 5000               ; 5000               ;
; Iteration limit for non-constant Verilog loops                                  ; 250                ; 250                ;
; Add Pass-Through Logic to Inferred RAMs                                         ; On                 ; On                 ;
; Infer RAMs from Raw Logic                                                       ; On                 ; On                 ;
; Parallel Synthesis                                                              ; On                 ; On                 ;
; DSP Block Balancing                                                             ; Auto               ; Auto               ;
; NOT Gate Push-Back                                                              ; On                 ; On                 ;
; Power-Up Don't Care                                                             ; On                 ; On                 ;
; Remove Redundant Logic Cells                                                    ; Off                ; Off                ;
; Remove Duplicate Registers                                                      ; On                 ; On                 ;
; Ignore CARRY Buffers                                                            ; Off                ; Off                ;
; Ignore CASCADE Buffers                                                          ; Off                ; Off                ;
; Ignore GLOBAL Buffers                                                           ; Off                ; Off                ;
; Ignore ROW GLOBAL Buffers                                                       ; Off                ; Off                ;
; Ignore LCELL Buffers                                                            ; Off                ; Off                ;
; Ignore SOFT Buffers                                                             ; On                 ; On                 ;
; Limit AHDL Integers to 32 Bits                                                  ; Off                ; Off                ;
; Optimization Technique                                                          ; Balanced           ; Balanced           ;
; Carry Chain Length                                                              ; 70                 ; 70                 ;
; Auto Carry Chains                                                               ; On                 ; On                 ;
; Auto Open-Drain Pins                                                            ; On                 ; On                 ;
; Perform WYSIWYG Primitive Resynthesis                                           ; Off                ; Off                ;
; Auto ROM Replacement                                                            ; On                 ; On                 ;
; Auto RAM Replacement                                                            ; On                 ; On                 ;
; Auto DSP Block Replacement                                                      ; On                 ; On                 ;
; Auto Shift Register Replacement                                                 ; Auto               ; Auto               ;
; Allow Shift Register Merging across Hierarchies                                 ; Auto               ; Auto               ;
; Auto Clock Enable Replacement                                                   ; On                 ; On                 ;
; Strict RAM Replacement                                                          ; Off                ; Off                ;
; Allow Synchronous Control Signals                                               ; On                 ; On                 ;
; Force Use of Synchronous Clear Signals                                          ; Off                ; Off                ;
; Auto RAM Block Balancing                                                        ; On                 ; On                 ;
; Auto RAM to Logic Cell Conversion                                               ; Off                ; Off                ;
; Auto Resource Sharing                                                           ; Off                ; Off                ;
; Allow Any RAM Size For Recognition                                              ; Off                ; Off                ;
; Allow Any ROM Size For Recognition                                              ; Off                ; Off                ;
; Allow Any Shift Register Size For Recognition                                   ; Off                ; Off                ;
; Use LogicLock Constraints during Resource Balancing                             ; On                 ; On                 ;
; Ignore translate_off and synthesis_off directives                               ; Off                ; Off                ;
; Timing-Driven Synthesis                                                         ; On                 ; On                 ;
; Report Parameter Settings                                                       ; On                 ; On                 ;
; Report Source Assignments                                                       ; On                 ; On                 ;
; Report Connectivity Checks                                                      ; On                 ; On                 ;
; Ignore Maximum Fan-Out Assignments                                              ; Off                ; Off                ;
; Synchronization Register Chain Length                                           ; 3                  ; 3                  ;
; Power Optimization During Synthesis                                             ; Normal compilation ; Normal compilation ;
; HDL message level                                                               ; Level2             ; Level2             ;
; Suppress Register Optimization Related Messages                                 ; Off                ; Off                ;
; Number of Removed Registers Reported in Synthesis Report                        ; 5000               ; 5000               ;
; Number of Swept Nodes Reported in Synthesis Report                              ; 5000               ; 5000               ;
; Number of Inverted Registers Reported in Synthesis Report                       ; 100                ; 100                ;
; Clock MUX Protection                                                            ; On                 ; On                 ;
; Auto Gated Clock Conversion                                                     ; Off                ; Off                ;
; Block Design Naming                                                             ; Auto               ; Auto               ;
; SDC constraint protection                                                       ; Off                ; Off                ;
; Synthesis Effort                                                                ; Auto               ; Auto               ;
; Shift Register Replacement - Allow Asynchronous Clear Signal                    ; On                 ; On                 ;
; Pre-Mapping Resynthesis Optimization                                            ; Off                ; Off                ;
; Analysis & Synthesis Message Level                                              ; Medium             ; Medium             ;
; Disable Register Merging Across Hierarchies                                     ; Auto               ; Auto               ;
; Resource Aware Inference For Block RAM                                          ; On                 ; On                 ;
+---------------------------------------------------------------------------------+--------------------+--------------------+


+-------------------------------------------------------------------------------------------------------------------------------------+
; Port Connectivity Checks: "cpu:c1"                                                                                                  ;
+------+--------+----------+----------------------------------------------------------------------------------------------------------+
; Port ; Type   ; Severity ; Details                                                                                                  ;
+------+--------+----------+----------------------------------------------------------------------------------------------------------+
; IR   ; Output ; Warning  ; Declared by entity but not connected by instance. Logic that only feeds a dangling port will be removed. ;
; W_q  ; Output ; Warning  ; Declared by entity but not connected by instance. Logic that only feeds a dangling port will be removed. ;
+------+--------+----------+----------------------------------------------------------------------------------------------------------+


+---------------------------------+
; Analysis & Elaboration Messages ;
+---------------------------------+
Info: *******************************************************************
Info: Running Quartus Prime Analysis & Elaboration
    Info: Version 19.1.0 Build 670 09/22/2019 SJ Lite Edition
    Info: Processing started: Sun Aug 13 01:00:19 2023
Info: Command: quartus_map --read_settings_files=on --write_settings_files=off mcu -c mcu --analysis_and_elaboration
Warning (18236): Number of processors has not been specified which may cause overloading on shared machines.  Set the global assignment NUM_PARALLEL_PROCESSORS in your QSF to an appropriate value for best performance.
Info (20030): Parallel compilation is enabled and will use 4 of the 4 processors detected
Info (12021): Found 1 design units, including 1 entities, in source file design/program_rom.sv
    Info (12023): Found entity 1: Program_Rom File: C:/Users/samwe/Desktop/Project/src/PIC/design/Program_Rom.sv Line: 1
Info (12021): Found 1 design units, including 1 entities, in source file design/stack.sv
    Info (12023): Found entity 1: Stack File: C:/Users/samwe/Desktop/Project/src/PIC/design/Stack.sv Line: 1
Info (12021): Found 1 design units, including 1 entities, in source file design/program_rom_delay.sv
    Info (12023): Found entity 1: Program_Rom_delay File: C:/Users/samwe/Desktop/Project/src/PIC/design/Program_Rom_delay.sv Line: 1
Info (12021): Found 1 design units, including 1 entities, in source file design/decoder_7seg.sv
    Info (12023): Found entity 1: Decoder_7seg File: C:/Users/samwe/Desktop/Project/src/PIC/design/Decoder_7seg.sv Line: 1
Info (12021): Found 1 design units, including 1 entities, in source file design/single_port_ram_128x8.sv
    Info (12023): Found entity 1: single_port_ram_128x8 File: C:/Users/samwe/Desktop/Project/src/PIC/design/single_port_ram_128x8.sv Line: 1
Warning (12019): Can't analyze file -- file design/ROM.sv is missing
Info (12021): Found 1 design units, including 1 entities, in source file design/cpu.sv
    Info (12023): Found entity 1: cpu File: C:/Users/samwe/Desktop/Project/src/PIC/design/cpu.sv Line: 1
Info (12021): Found 1 design units, including 1 entities, in source file design/mcu.sv
    Info (12023): Found entity 1: mcu File: C:/Users/samwe/Desktop/Project/src/PIC/design/mcu.sv Line: 6
Warning (10236): Verilog HDL Implicit Net warning at cpu.sv(26): created implicit net for "d" File: C:/Users/samwe/Desktop/Project/src/PIC/design/cpu.sv Line: 26
Warning (10236): Verilog HDL Implicit Net warning at cpu.sv(27): created implicit net for "addr_port_b" File: C:/Users/samwe/Desktop/Project/src/PIC/design/cpu.sv Line: 27
Warning (10236): Verilog HDL Implicit Net warning at cpu.sv(228): created implicit net for "btfsc_skip_bit" File: C:/Users/samwe/Desktop/Project/src/PIC/design/cpu.sv Line: 228
Warning (10236): Verilog HDL Implicit Net warning at cpu.sv(229): created implicit net for "btfss_skip_bit" File: C:/Users/samwe/Desktop/Project/src/PIC/design/cpu.sv Line: 229
Warning (10236): Verilog HDL Implicit Net warning at cpu.sv(230): created implicit net for "btfsc_btfss_skip_bit" File: C:/Users/samwe/Desktop/Project/src/PIC/design/cpu.sv Line: 230
Warning (10236): Verilog HDL Implicit Net warning at cpu.sv(232): created implicit net for "alu_zero" File: C:/Users/samwe/Desktop/Project/src/PIC/design/cpu.sv Line: 232
Info (12127): Elaborating entity "mcu" for the top level hierarchy
Warning (10034): Output port "HEX2" at mcu.sv(14) has no driver File: C:/Users/samwe/Desktop/Project/src/PIC/design/mcu.sv Line: 14
Warning (10034): Output port "HEX3" at mcu.sv(15) has no driver File: C:/Users/samwe/Desktop/Project/src/PIC/design/mcu.sv Line: 15
Warning (10034): Output port "LED" at mcu.sv(18) has no driver File: C:/Users/samwe/Desktop/Project/src/PIC/design/mcu.sv Line: 18
Info (12128): Elaborating entity "cpu" for hierarchy "cpu:c1" File: C:/Users/samwe/Desktop/Project/src/PIC/design/mcu.sv Line: 34
Warning (10230): Verilog HDL assignment warning at cpu.sv(106): truncated value with size 32 to match size of target (8) File: C:/Users/samwe/Desktop/Project/src/PIC/design/cpu.sv Line: 106
Warning (10230): Verilog HDL assignment warning at cpu.sv(107): truncated value with size 32 to match size of target (8) File: C:/Users/samwe/Desktop/Project/src/PIC/design/cpu.sv Line: 107
Warning (10230): Verilog HDL assignment warning at cpu.sv(132): truncated value with size 32 to match size of target (11) File: C:/Users/samwe/Desktop/Project/src/PIC/design/cpu.sv Line: 132
Info (12128): Elaborating entity "Program_Rom" for hierarchy "cpu:c1|Program_Rom:r1" File: C:/Users/samwe/Desktop/Project/src/PIC/design/cpu.sv Line: 62
Info (12128): Elaborating entity "single_port_ram_128x8" for hierarchy "cpu:c1|single_port_ram_128x8:ram1" File: C:/Users/samwe/Desktop/Project/src/PIC/design/cpu.sv Line: 70
Info (12128): Elaborating entity "Stack" for hierarchy "cpu:c1|Stack:s1" File: C:/Users/samwe/Desktop/Project/src/PIC/design/cpu.sv Line: 79
Warning (10230): Verilog HDL assignment warning at Stack.sv(15): truncated value with size 32 to match size of target (4) File: C:/Users/samwe/Desktop/Project/src/PIC/design/Stack.sv Line: 15
Warning (10230): Verilog HDL assignment warning at Stack.sv(27): truncated value with size 32 to match size of target (4) File: C:/Users/samwe/Desktop/Project/src/PIC/design/Stack.sv Line: 27
Warning (10230): Verilog HDL assignment warning at Stack.sv(31): truncated value with size 32 to match size of target (4) File: C:/Users/samwe/Desktop/Project/src/PIC/design/Stack.sv Line: 31
Info (12128): Elaborating entity "Decoder_7seg" for hierarchy "Decoder_7seg:d1" File: C:/Users/samwe/Desktop/Project/src/PIC/design/mcu.sv Line: 38
Warning (12241): 1 hierarchies have connectivity warnings - see the Connectivity Checks report folder
Info: Quartus Prime Analysis & Elaboration was successful. 0 errors, 18 warnings
    Info: Peak virtual memory: 4777 megabytes
    Info: Processing ended: Sun Aug 13 01:00:26 2023
    Info: Elapsed time: 00:00:07
    Info: Total CPU time (on all processors): 00:00:08


